------------------------------------------------------------------------------------------------------------------------

[2019-01-31 00:03:32 #1 store] 
Database 'C:\Users\jipgosaa\ownCloud\Iso-1Jon\COMUN IngSoft1\PROYECTO\18PROYECTO\Bets\Bets\resources\bets.temp' is opened by 16136@U102188

[2019-01-31 00:03:32 #2 type.registry] 
New type domain.Question

[2019-01-31 00:03:32 #3 type] 
Type domain.Question is not enhanced.

[2019-01-31 00:03:32 #4 type.registry] 
New type domain.Event

[2019-01-31 00:03:32 #5 type] 
Type domain.Event is not enhanced.

[2019-01-31 00:03:32 #6 type.registry] 
New type java.util.Vector<domain.Question>

[2019-01-31 00:03:32 #7 type.registry] 
New type java.util.Vector<java.lang.Object>

------------------------------------------------------------------------------------------------------------------------

[2019-01-31 00:22:16 #1 store] 
Database 'C:\Users\jipgosaa\ownCloud\Iso-1Jon\COMUN IngSoft1\PROYECTO\18PROYECTO\Bets\Bets\resources\bets.temp' is opened by 10024@U102188

[2019-01-31 00:22:17 #2 type.registry] 
New type domain.Question

[2019-01-31 00:22:17 #3 type] 
Type domain.Question is not enhanced.

[2019-01-31 00:22:17 #4 type.registry] 
New type domain.Event

[2019-01-31 00:22:17 #5 type] 
Type domain.Event is not enhanced.

[2019-01-31 00:22:17 #6 type.registry] 
New type java.util.Vector<domain.Question>

[2019-01-31 00:22:17 #7 type.registry] 
New type java.util.Vector<java.lang.Object>

------------------------------------------------------------------------------------------------------------------------

[2019-01-31 00:45:08 #1 store] 
Database 'C:\Users\jipgosaa\ownCloud\Iso-1Jon\COMUN IngSoft1\PROYECTO\18PROYECTO\Bets\Bets\resources\bets.temp' is opened by 7512@U102188

[2019-01-31 00:45:09 #2 type.registry] 
New type domain.Question

[2019-01-31 00:45:09 #3 type] 
Type domain.Question is not enhanced.

[2019-01-31 00:45:09 #4 type.registry] 
New type domain.Event

[2019-01-31 00:45:09 #5 type] 
Type domain.Event is not enhanced.

[2019-01-31 00:45:09 #6 type.registry] 
New type java.util.Vector<domain.Question>

[2019-01-31 00:45:09 #7 type.registry] 
New type java.util.Vector<java.lang.Object>

------------------------------------------------------------------------------------------------------------------------

[2019-01-31 00:52:44 #1 store] 
Database 'C:\Users\jipgosaa\ownCloud\Iso-1Jon\COMUN IngSoft1\PROYECTO\18PROYECTO\Bets\Bets\resources\bets.temp' is opened by 15808@U102188

[2019-01-31 00:52:44 #2 type.registry] 
New type domain.Question

[2019-01-31 00:52:44 #3 type] 
Type domain.Question is not enhanced.

[2019-01-31 00:52:44 #4 type.registry] 
New type domain.Event

[2019-01-31 00:52:44 #5 type] 
Type domain.Event is not enhanced.

[2019-01-31 00:52:44 #6 type.registry] 
New type java.util.Vector<domain.Question>

[2019-01-31 00:52:44 #7 type.registry] 
New type java.util.Vector<java.lang.Object>

------------------------------------------------------------------------------------------------------------------------

[2019-01-31 12:51:00 #1 store] 
Database 'C:\Users\jipgosaa\ownCloud\Iso-1Jon\COMUN IngSoft1\PROYECTO\19PROYECTO\Bets\Bets\resources\bets.temp' is opened by 8824@U102188

[2019-01-31 12:51:00 #2 type.registry] 
New type domain.Question

[2019-01-31 12:51:00 #3 type] 
Type domain.Question is not enhanced.

[2019-01-31 12:51:00 #4 type.registry] 
New type domain.Event

[2019-01-31 12:51:00 #5 type] 
Type domain.Event is not enhanced.

[2019-01-31 12:51:00 #6 type.registry] 
New type java.util.Vector<domain.Question>

[2019-01-31 12:51:00 #7 type.registry] 
New type java.util.Vector<java.lang.Object>

------------------------------------------------------------------------------------------------------------------------

[2019-01-31 12:51:11 #1 store] 
Database 'C:\Users\jipgosaa\ownCloud\Iso-1Jon\COMUN IngSoft1\PROYECTO\19PROYECTO\Bets\Bets\resources\bets.temp' is opened by 11180@U102188

[2019-01-31 12:51:11 #2 type.registry] 
New type domain.Question

[2019-01-31 12:51:11 #3 type] 
Type domain.Question is not enhanced.

[2019-01-31 12:51:11 #4 type.registry] 
New type domain.Event

[2019-01-31 12:51:11 #5 type] 
Type domain.Event is not enhanced.

[2019-01-31 12:51:11 #6 type.registry] 
New type java.util.Vector<domain.Question>

[2019-01-31 12:51:11 #7 type.registry] 
New type java.util.Vector<java.lang.Object>

